INFO:     Started server process [308067]
INFO:     Waiting for application startup.
INFO:     Application startup complete.
INFO:     Uvicorn running on http://0.0.0.0:8000 (Press CTRL+C to quit)
Using database URL: postgresql://cim_wizard_user:cim_wizard_password@localhost:5433/cim_wizard_integrated
Creating database schemas...
Created schemas: cim_vector, cim_census, cim_raster
Database schemas created successfully
Warning: Unknown context key: project_name
Warning: Unknown context key: scenario_name
DEBUG: About to execute 8 calculators

=== Step 1/8: scenario_geo ===
Method: calculate_from_scenario_geo
Description: Initialize scenario geometry from project boundary
INFO PipelineExecutor: Feature scenario_geo already calculated
✓ Success
Converting MultiPolygon to Polygon (coords count: 1)
Converted to Polygon: Polygon
Successfully saved scenario to database

=== Step 2/8: scenario_census_boundary ===
Method: calculate_from_census_api
Description: Get census boundary (simplified for building analysis)
INFO ScenarioCensusBoundaryCalculator: Executing calculate_from_census_api
INFO ScenarioCensusBoundaryCalculator: Calculating census boundary using integrated database
INFO ScenarioCensusBoundaryCalculator: Successfully created census boundary with 1 zone
INFO ScenarioCensusBoundaryCalculator: Updated census boundary for project_scenario 6c4382eb-22ae-4f69-aa18-1292a01e857a/c3104f94-63d5-4180-adfd-13f1b9a0a376
INFO ScenarioCensusBoundaryCalculator: Census boundary saved to project_scenario table
✓ Success

=== Step 3/8: building_geo ===
Method: calculate_from_scenario_census_geo
Description: Extract buildings from the area
INFO BuildingGeoCalculator: Executing calculate_from_scenario_census_geo
INFO BuildingGeoCalculator: Querying OSM for building footprints in scenario: c3104f94-63d5-4180-adfd-13f1b9a0a376
INFO BuildingGeoCalculator: Querying OSM Overpass API for buildings in bounds: 45.054759745740526,7.677012402247402,45.062201539127464,7.687747024566612
INFO BuildingGeoCalculator: Received 8328 elements from OSM
INFO BuildingGeoCalculator: Processed 1332 building footprints from OSM
INFO BuildingGeoCalculator: Filtered to 1087 buildings within actual boundary (from 1332 in bounding box)
SUCCESS BuildingGeoCalculator.osm_buildings_query: Retrieved 1087 buildings from osm_overpass_api
✓ Success

=== Step 4/8: building_props ===
Method: init
Description: Initialize building properties
INFO BuildingPropsCalculator: Executing init
INFO BuildingPropsCalculator: Last 5 generated building IDs:
INFO BuildingPropsCalculator:   Generated building_id a4b56022-ac5d-4e42-8689-5291930a28a2 for building at index 1082
INFO BuildingPropsCalculator:   Generated building_id 6d56aab6-8ae3-431d-96ba-4b7f43851077 for building at index 1083
INFO BuildingPropsCalculator:   Generated building_id 43effa44-64fc-439f-b3ac-24c6c6dca655 for building at index 1084
INFO BuildingPropsCalculator:   Generated building_id fc84e8e8-be8e-4729-a873-e6feae357b2a for building at index 1085
INFO BuildingPropsCalculator:   Generated building_id 821d47a0-e74e-40fb-9d54-b3dc5b1cfbc7 for building at index 1086
INFO BuildingPropsCalculator: Created 1087 building properties
INFO BuildingPropsCalculator: Database session available, saving 1087 properties
INFO BuildingPropsCalculator: Saved 1087 building properties to database
SUCCESS BuildingPropsCalculator.init: 
✓ Success

=== Step 5/8: building_height ===
Method: calculate_from_raster_service
Description: Calculate building heights from integrated DSM/DTM rasters
INFO BuildingHeightCalculator: Executing calculate_from_raster_service
INFO BuildingHeightCalculator: === STARTING RASTER-BASED HEIGHT CALCULATION ===
INFO BuildingHeightCalculator: Processing 1087 buildings for height calculation
INFO BuildingHeightCalculator: Processing building 1/1087...
WARNING BuildingHeightCalculator: Building b7c2346d-63f3-4e19-999c-411eb64e9059: No DTM data found for footprint
WARNING BuildingHeightCalculator: Building 5d1f7455-e215-4d9a-8191-74b1de270532: No DTM data found for footprint
WARNING BuildingHeightCalculator: Building 6bc5c5b3-bfc8-48af-8a8c-a109dcfae1c8: No DTM data found for footprint
WARNING BuildingHeightCalculator: Building 1bd8a9f2-eeee-46c5-8de7-382a4324820f: No DTM data found for footprint
WARNING BuildingHeightCalculator: Building 817a5a92-539d-44ef-8594-1f069318d98d: No DTM data found for footprint
INFO BuildingHeightCalculator: Processing building 101/1087...
WARNING BuildingHeightCalculator: Building a5823bb6-fd43-447b-9ca7-5bb54aa66a84: No DTM data found for footprint
WARNING BuildingHeightCalculator: Building 956a0bb4-f0ae-49f9-9c97-60592ecffbba: No DTM data found for footprint
WARNING BuildingHeightCalculator: Building d76344aa-67a3-4850-88d2-d3860af2f4ab: Adjusting low height 2.19m to 3m
WARNING BuildingHeightCalculator: Building 5d15de00-f065-4f4f-bb3e-313d49e317e9: No DTM data found for footprint
WARNING BuildingHeightCalculator: Building 5d15de00-f065-4f4f-bb3e-313d49e317e9: Adjusting low height 2.40m to 3m
WARNING BuildingHeightCalculator: Building 650b4f1c-cbd3-45be-8760-c2fde2b4dca0: No DTM data found for footprint
WARNING BuildingHeightCalculator: Building 0f66930b-f349-4ccf-90c1-d8bbd0398b4d: No DTM data found for footprint
WARNING BuildingHeightCalculator: Building f175a24c-6cfe-44f6-9240-93140a037f9b: No DTM data found for footprint
WARNING BuildingHeightCalculator: Building 832e4e0f-9082-43ca-965c-3d0b41397da1: No DTM data found for footprint
WARNING BuildingHeightCalculator: Building ddcf250d-155b-482b-a648-97acab1944f1: No DTM data found for footprint
WARNING BuildingHeightCalculator: Building fc9c59e1-a81b-4539-bcaf-88bf6d79853c: No DTM data found for footprint
WARNING BuildingHeightCalculator: Building 563c9337-6d6b-4cd6-99ba-153b4db2b69a: No DTM data found for footprint
WARNING BuildingHeightCalculator: Building adf9016a-42bd-45b7-ad60-9f69620fa86d: No DTM data found for footprint
WARNING BuildingHeightCalculator: Building 1c49e00c-8ee3-45ba-80bf-2f6f3253ab6c: No DTM data found for footprint
WARNING BuildingHeightCalculator: Building 463283a8-c22f-4960-952b-91abd0e333ca: No DTM data found for footprint
WARNING BuildingHeightCalculator: Building 3a60f74e-69b6-4280-89bf-dfc251e3764e: No DTM data found for footprint
WARNING BuildingHeightCalculator: Building 6da4100a-4532-4f6b-976e-0f76c2290f15: No DTM data found for footprint
WARNING BuildingHeightCalculator: Building 8b8376d0-6572-4365-a786-07ad1fd283e7: No DTM data found for footprint
WARNING BuildingHeightCalculator: Building 8b8376d0-6572-4365-a786-07ad1fd283e7: Adjusting low height 2.98m to 3m
WARNING BuildingHeightCalculator: Building 3ab5c972-5755-48a6-8c9b-8781b140d6b7: No DTM data found for footprint
WARNING BuildingHeightCalculator: Building 55555ab7-6bf1-4730-b5e5-97b40a1ab707: No DTM data found for footprint
WARNING BuildingHeightCalculator: Building 760482fe-9cfb-43ae-bf48-7fd0ae09eda3: Adjusting low height 2.79m to 3m
WARNING BuildingHeightCalculator: Building f5e726b0-e572-4542-84e1-3dfd62083eb7: No DTM data found for footprint
WARNING BuildingHeightCalculator: Building c43acc4e-1ef5-46a0-97e5-e76c285ccc4d: No DTM data found for footprint
WARNING BuildingHeightCalculator: Building 5ae0d4e7-701c-4c9d-b80f-651ffe143fba: No DTM data found for footprint
WARNING BuildingHeightCalculator: Building 6aa7b770-1a72-4829-b3ec-2e05da75ba9b: Adjusting low height 2.86m to 3m
WARNING BuildingHeightCalculator: Building 32fd9e62-ce63-4c71-9e5c-03fe65a57d76: Adjusting low height 2.99m to 3m
INFO BuildingHeightCalculator: Processing building 201/1087...
WARNING BuildingHeightCalculator: Building 9fbf932e-a896-4559-b2fc-3685d4d60906: Adjusting low height 1.83m to 3m
WARNING BuildingHeightCalculator: Building 16d25976-9053-478b-80c7-35048d74f1f5: No DTM data found for footprint
WARNING BuildingHeightCalculator: Building 02690837-7659-463c-bdfb-f0010866bdbe: No DTM data found for footprint
WARNING BuildingHeightCalculator: Building 02ba5a1b-aa9d-4214-a14d-1faf1c307354: No DTM data found for footprint
WARNING BuildingHeightCalculator: Building 02ba5a1b-aa9d-4214-a14d-1faf1c307354: Adjusting low height 2.69m to 3m
WARNING BuildingHeightCalculator: Building 815c5d7a-b699-4597-8612-672038d53334: No DTM data found for footprint
WARNING BuildingHeightCalculator: Building 34bbfc8a-0a76-40a2-ae52-8651a38c188d: Adjusting low height 2.34m to 3m
WARNING BuildingHeightCalculator: Building ccd1b709-f0c8-4513-a403-f6393fb33904: No DTM data found for footprint
WARNING BuildingHeightCalculator: Building 1aadb43e-30d8-4c78-aba7-8ec880c99707: No DTM data found for footprint
WARNING BuildingHeightCalculator: Building 1480a9ab-85bc-4139-982b-0cbdc430364d: No DTM data found for footprint
WARNING BuildingHeightCalculator: Building 3b969a6f-a5a0-4a1a-96ef-a6ae64f5f7a6: No DTM data found for footprint
WARNING BuildingHeightCalculator: Building ae94646e-2aea-4a09-8999-5aabfb23ff46: No DTM data found for footprint
WARNING BuildingHeightCalculator: Building ae94646e-2aea-4a09-8999-5aabfb23ff46: Adjusting low height 2.60m to 3m
WARNING BuildingHeightCalculator: Building 0c19b97e-2707-41b5-898b-50ed4753d0ff: No DTM data found for footprint
WARNING BuildingHeightCalculator: Building 0c19b97e-2707-41b5-898b-50ed4753d0ff: Adjusting low height 2.00m to 3m
WARNING BuildingHeightCalculator: Building e300d3e0-afcc-4ba1-b7d3-7a0d45da62ee: No DTM data found for footprint
WARNING BuildingHeightCalculator: Building 0f5f25ce-9f75-4a4b-83d2-5857649136be: No DTM data found for footprint
INFO BuildingHeightCalculator: Processing building 301/1087...
WARNING BuildingHeightCalculator: Building ab0aed26-abab-43cb-b2fb-d649b88e82ad: No DTM data found for footprint
WARNING BuildingHeightCalculator: Building f0f2ab2e-7c30-4515-bcad-ab373f50ff1e: No DTM data found for footprint
WARNING BuildingHeightCalculator: Building 03db1904-d292-4c6e-a14d-d986f0afb7d7: No DTM data found for footprint
WARNING BuildingHeightCalculator: Building 9b170c6e-3e6c-47d9-9a78-fcabfda108b3: No DTM data found for footprint
WARNING BuildingHeightCalculator: Building 0cd05d11-21d1-47f2-bb29-56efbc54ea5f: No DTM data found for footprint
WARNING BuildingHeightCalculator: Building 1052895a-dbf9-4791-a499-a72073825f4f: No DTM data found for footprint
WARNING BuildingHeightCalculator: Building a6c4e29a-c5b8-41af-a58c-74e6e31c2ed3: No DTM data found for footprint
WARNING BuildingHeightCalculator: Building 131478fa-4f41-4857-af78-a6fc158df5a5: No DTM data found for footprint
WARNING BuildingHeightCalculator: Building b799826f-8864-4d23-856f-79f9bfe80c88: No DTM data found for footprint
WARNING BuildingHeightCalculator: Building a96537c2-66d9-442e-a480-d34b0eb00602: No DTM data found for footprint
WARNING BuildingHeightCalculator: Building 1f3e2cfd-1abe-405f-99ed-3b908d54d94e: No DTM data found for footprint
WARNING BuildingHeightCalculator: Building f67ee5c4-9c98-4804-9168-89d9949956dc: No DTM data found for footprint
WARNING BuildingHeightCalculator: Building a59f283f-28cf-4554-ba28-45c5c7bf92c5: No DTM data found for footprint
WARNING BuildingHeightCalculator: Building c83e980f-3afb-4244-8744-22bf130320ab: No DTM data found for footprint
WARNING BuildingHeightCalculator: Building 2820b6a9-c023-4562-bec1-0f34531c8f13: No DTM data found for footprint
INFO BuildingHeightCalculator: Processing building 401/1087...
WARNING BuildingHeightCalculator: Building 3001ecdf-b092-446b-a2cf-25dce0521dd7: No DTM data found for footprint
WARNING BuildingHeightCalculator: Building 3001ecdf-b092-446b-a2cf-25dce0521dd7: Adjusting low height 2.08m to 3m
WARNING BuildingHeightCalculator: Building 65a1a76f-4023-445a-af44-50a4a4b8f4d4: No DTM data found for footprint
WARNING BuildingHeightCalculator: Building e41b5059-7084-4519-9720-464860c70946: No DTM data found for footprint
WARNING BuildingHeightCalculator: Building ab53d6be-896e-4bb8-8b5b-cec7d4bd12f1: No DTM data found for footprint
WARNING BuildingHeightCalculator: Building 92813876-1ea4-4056-81fd-118d7263f0b9: No DTM data found for footprint
WARNING BuildingHeightCalculator: Building e45fd55d-7501-45ad-8b1f-44019c48d1c3: No DTM data found for footprint
WARNING BuildingHeightCalculator: Building 99740b8c-789a-4773-a5ef-5c2873a89c29: No DTM data found for footprint
WARNING BuildingHeightCalculator: Building 25f5a0f3-6939-4357-97ee-740e69b16c79: No DTM data found for footprint
WARNING BuildingHeightCalculator: Building f3b51c46-159c-4d90-8d1b-989a57d0dabf: No DTM data found for footprint
WARNING BuildingHeightCalculator: Building a98ef48b-b480-4007-94c8-e90e0aa0079b: No DTM data found for footprint
WARNING BuildingHeightCalculator: Building 7a10a380-9e54-4716-9e70-e1e42da6eff1: No DTM data found for footprint
WARNING BuildingHeightCalculator: Building 7a10a380-9e54-4716-9e70-e1e42da6eff1: Adjusting low height 1.49m to 3m
WARNING BuildingHeightCalculator: Building 55331d0d-3022-477b-ae84-1e383655d710: No DTM data found for footprint
WARNING BuildingHeightCalculator: Building 7d6fc4ae-beab-479e-9af4-5c24ab0ecafe: No DTM data found for footprint
WARNING BuildingHeightCalculator: Building 7d6fc4ae-beab-479e-9af4-5c24ab0ecafe: Adjusting low height 2.57m to 3m
INFO BuildingHeightCalculator: Processing building 501/1087...
WARNING BuildingHeightCalculator: Building 297cb014-e863-497c-a731-6235dfc0b13d: No DTM data found for footprint
WARNING BuildingHeightCalculator: Building 818c5e44-39bf-472b-834a-a4f67f5e59e2: No DTM data found for footprint
WARNING BuildingHeightCalculator: Building 2bd7baf1-1ffa-41b2-b18c-54943c9c0a4e: No DTM data found for footprint
WARNING BuildingHeightCalculator: Building f73a282d-8e83-4d01-b9a0-cdeea511cbe5: No DTM data found for footprint
WARNING BuildingHeightCalculator: Building b17712fb-3c39-4329-9881-b56869d89cf3: No DTM data found for footprint
WARNING BuildingHeightCalculator: Building 83c20f5f-13cc-4542-9cd7-553c139b1409: Adjusting low height 2.83m to 3m
WARNING BuildingHeightCalculator: Building 8118f1ae-7f3b-41e7-8189-137d5860f8ad: No DTM data found for footprint
WARNING BuildingHeightCalculator: Building 8d6ff79a-ae74-4e94-a921-13a01a51c7a3: No DTM data found for footprint
WARNING BuildingHeightCalculator: Building 7fb28ff7-6b89-4e83-853f-8da0ee8b9514: No DTM data found for footprint
WARNING BuildingHeightCalculator: Building 53f8c903-2140-494c-beb9-ec15d4276b02: No DTM data found for footprint
WARNING BuildingHeightCalculator: Building 7699806e-c79f-417f-925e-779ff1a095c1: No DTM data found for footprint
WARNING BuildingHeightCalculator: Building f71add47-cc04-4638-b77a-5332834c0791: No DTM data found for footprint
WARNING BuildingHeightCalculator: Building 31152516-2edc-4974-b5ad-3b5d29924b2d: No DTM data found for footprint
WARNING BuildingHeightCalculator: Building 7912e299-5de3-4685-bf2c-7cb28a654fd4: No DTM data found for footprint
WARNING BuildingHeightCalculator: Building 39d1e00b-0956-491d-9d5d-6f692db4d0a0: Adjusting low height 2.91m to 3m
WARNING BuildingHeightCalculator: Building 370c2572-4857-4406-9461-52973426a6f1: No DTM data found for footprint
INFO BuildingHeightCalculator: Processing building 601/1087...
WARNING BuildingHeightCalculator: Building bb4cb980-221e-44b4-9327-a2d0f4e9ae41: No DTM data found for footprint
WARNING BuildingHeightCalculator: Building 7419b4ad-d108-4f8d-8993-36ea1d8b76fe: Adjusting low height 1.45m to 3m
WARNING BuildingHeightCalculator: Building 322d4517-919f-4171-96e3-057737b7bada: No DTM data found for footprint
WARNING BuildingHeightCalculator: Building 3b2c5429-d9ba-4e2c-abc1-1b06a227e98a: No DTM data found for footprint
WARNING BuildingHeightCalculator: Building 1bf7fc6b-c414-4616-a04a-8fd5d6c42cc4: No DTM data found for footprint
WARNING BuildingHeightCalculator: Building 1dec4b37-c0a1-467f-b8c7-d176ddd50a41: No DTM data found for footprint
WARNING BuildingHeightCalculator: Building 9734ccf9-7857-4a04-8636-b512e608331a: Adjusting low height 2.79m to 3m
WARNING BuildingHeightCalculator: Building 8c2055ff-6bf6-498f-9dcb-f498b848a6b7: No DTM data found for footprint
WARNING BuildingHeightCalculator: Building 2fcde644-b237-4ad0-ad7d-70f0c49878f6: No DTM data found for footprint
WARNING BuildingHeightCalculator: Building 97417d09-3181-44a5-98d2-b14e9e88d711: No DTM data found for footprint
WARNING BuildingHeightCalculator: Building 37892058-5c95-4d8a-be98-54df3e0a737a: No DTM data found for footprint
WARNING BuildingHeightCalculator: Building 94eaa1e6-08e7-4bb5-ae35-467cb077c32b: No DTM data found for footprint
WARNING BuildingHeightCalculator: Building 11872a01-e736-4ee2-b89f-e52ec12b002e: No DTM data found for footprint
WARNING BuildingHeightCalculator: Building 994f6ed9-3e8f-4ef8-b300-8176060ab7fd: No DTM data found for footprint
WARNING BuildingHeightCalculator: Building b2ab18a4-8e82-4cf6-83c7-64b6fd65083d: No DTM data found for footprint
WARNING BuildingHeightCalculator: Building 291e651d-3547-4064-a35c-39a2c679f69e: No DTM data found for footprint
WARNING BuildingHeightCalculator: Building b1731ec5-2381-4d63-9f7b-1dc80ddf4d84: No DTM data found for footprint
INFO BuildingHeightCalculator: Processing building 701/1087...
WARNING BuildingHeightCalculator: Building 02ae942a-c518-4b47-9d0f-d1136a7a1375: No DTM data found for footprint
WARNING BuildingHeightCalculator: Building fdaf1ac9-3b69-4269-81b9-bcd36fa70e61: No DTM data found for footprint
WARNING BuildingHeightCalculator: Building 3179ac56-be06-4f08-9953-a41ea92a7be9: No DTM data found for footprint
WARNING BuildingHeightCalculator: Building 3179ac56-be06-4f08-9953-a41ea92a7be9: Adjusting low height 2.70m to 3m
WARNING BuildingHeightCalculator: Building a06cdb08-9de0-4713-ba84-2b4716cab7d2: No DTM data found for footprint
WARNING BuildingHeightCalculator: Building c5c96ae2-79a0-4ad9-8645-0833eb5bb69a: No DTM data found for footprint
WARNING BuildingHeightCalculator: Building 60796a74-4327-4972-8bb4-4fe5cfdcf62f: No DTM data found for footprint
WARNING BuildingHeightCalculator: Building 87d0e893-7ed3-4c10-a7ea-1e1003f0ee02: No DTM data found for footprint
WARNING BuildingHeightCalculator: Building 485d5342-fed6-47a6-917b-79c641513686: No DTM data found for footprint
WARNING BuildingHeightCalculator: Building ebea5b9a-cdc7-4c93-8e79-66b9dc68a9f3: No DTM data found for footprint
WARNING BuildingHeightCalculator: Building 56766f4b-9f64-4f19-8c23-8eb1ba7cba9c: No DTM data found for footprint
WARNING BuildingHeightCalculator: Building 63d96062-9818-404d-b6d8-26241a34275e: No DTM data found for footprint
WARNING BuildingHeightCalculator: Building 21caffc0-bb56-4b10-a0e0-1ed68d34da02: No DTM data found for footprint
WARNING BuildingHeightCalculator: Building 37a8e205-484a-4fea-bf66-bd77d8b1d17f: No DTM data found for footprint
INFO BuildingHeightCalculator: Processing building 801/1087...
WARNING BuildingHeightCalculator: Building 4b981b42-746d-4678-8f4a-7f94822b3a90: Adjusting low height 0.95m to 3m
WARNING BuildingHeightCalculator: Building 78e860d7-e6aa-4f7e-a5f8-8cdd8d881822: No DTM data found for footprint
WARNING BuildingHeightCalculator: Building 1d0a54fe-2832-41bf-b519-e7db83d53e65: Adjusting low height 1.02m to 3m
WARNING BuildingHeightCalculator: Building f76a71dd-2431-48fd-be05-4969a4fd98c2: No DTM data found for footprint
WARNING BuildingHeightCalculator: Building a8fb6489-f4e1-4db7-b278-37f8f62bf5e9: Adjusting low height 0.31m to 3m
WARNING BuildingHeightCalculator: Building dfc491bb-a682-4cf0-8819-662644425422: Adjusting low height 2.29m to 3m
WARNING BuildingHeightCalculator: Building e88dfbca-d8b9-4a1b-886a-7f45c90c0938: No DTM data found for footprint
WARNING BuildingHeightCalculator: Building b01fbd79-9b4b-4c02-a9b8-36acdb254b3b: No DTM data found for footprint
WARNING BuildingHeightCalculator: Building 76f7162e-8d20-4929-ba55-9cbd67c13158: No DTM data found for footprint
WARNING BuildingHeightCalculator: Building 1a9abb55-d761-4a7e-83c6-204793596bea: No DTM data found for footprint
WARNING BuildingHeightCalculator: Building a1155a35-3d45-483d-bc8f-f542e161f3a7: No DTM data found for footprint
WARNING BuildingHeightCalculator: Building 80f12290-387d-4a7d-8c01-0e87a7cc5fec: No DTM data found for footprint
WARNING BuildingHeightCalculator: Building bd053b09-388a-4201-b98f-a3d6db421cc2: No DTM data found for footprint
WARNING BuildingHeightCalculator: Building 6a221d32-fd70-4ee5-ba53-3953c2ac5807: No DTM data found for footprint
WARNING BuildingHeightCalculator: Building a7f5d099-667f-4cd5-ac8e-26592d6ff355: No DTM data found for footprint
WARNING BuildingHeightCalculator: Building 3ae17849-8f5f-4128-be53-31e030ccd668: No DTM data found for footprint
WARNING BuildingHeightCalculator: Building 5b6d456f-2269-48bb-b1ba-5e71fd45502e: No DTM data found for footprint
WARNING BuildingHeightCalculator: Building bb8a704a-065b-408f-bb8a-ffb0dd9db6ea: No DTM data found for footprint
WARNING BuildingHeightCalculator: Building e5b68480-e1b1-423c-80d9-5933a5ce5c04: No DTM data found for footprint
WARNING BuildingHeightCalculator: Building caa5f4bf-e6c6-48e5-8bf7-65a9bdbb55c3: No DTM data found for footprint
WARNING BuildingHeightCalculator: Building 0a7497a6-0712-4b4c-b21e-bdaf66819107: No DTM data found for footprint
WARNING BuildingHeightCalculator: Building 54dccdc1-fede-4d77-9522-f111f1c4fc3e: No DTM data found for footprint
WARNING BuildingHeightCalculator: Building 4639eec5-843c-4f8a-a533-92157ab4a078: No DTM data found for footprint
INFO BuildingHeightCalculator: Processing building 901/1087...
WARNING BuildingHeightCalculator: Building bfd7c7b8-cc31-4e33-b2f9-2d5d5889dc9b: No DTM data found for footprint
WARNING BuildingHeightCalculator: Building 2f9b436c-2d28-46aa-b7bf-a542d7183a70: No DTM data found for footprint
WARNING BuildingHeightCalculator: Building 2bdaeef0-ad70-4696-b404-f534a262a432: No DTM data found for footprint
WARNING BuildingHeightCalculator: Building 96b9f10a-009b-4d7e-b0ef-2b3330a09274: No DTM data found for footprint
WARNING BuildingHeightCalculator: Building 41f26ff5-0c77-4a2a-b0b1-dc2c38a708d6: No DTM data found for footprint
WARNING BuildingHeightCalculator: Building 41f26ff5-0c77-4a2a-b0b1-dc2c38a708d6: Adjusting low height 2.98m to 3m
WARNING BuildingHeightCalculator: Building 1aef0eda-c20b-4af3-9d25-3d1382b0faea: Adjusting low height 2.77m to 3m
WARNING BuildingHeightCalculator: Building a703d499-6377-4d89-a992-de1d5df351d7: Adjusting low height 1.77m to 3m
WARNING BuildingHeightCalculator: Building d471add4-b546-4db6-bf5b-a2a1e319c55a: No DTM data found for footprint
WARNING BuildingHeightCalculator: Building 681fb19f-ebba-49f3-afc6-7053a107e715: No DTM data found for footprint
WARNING BuildingHeightCalculator: Building 7b3c02d6-af2a-4024-98b7-41ca08266dd0: No DTM data found for footprint
WARNING BuildingHeightCalculator: Building c59ba539-f5c4-4cd6-aeb9-f0bf4b6b2f99: No DTM data found for footprint
WARNING BuildingHeightCalculator: Building c59ba539-f5c4-4cd6-aeb9-f0bf4b6b2f99: Adjusting low height 2.08m to 3m
WARNING BuildingHeightCalculator: Building fcd41bb5-9596-4b24-90ee-6b08b18ba34c: No DTM data found for footprint
WARNING BuildingHeightCalculator: Building 00d2b91a-1f4b-4b76-8c70-b93436b8bc2f: No DTM data found for footprint
WARNING BuildingHeightCalculator: Building 9abafd2f-fd81-405b-b6e1-00e542a155d4: No DTM data found for footprint
WARNING BuildingHeightCalculator: Building 473ea8b9-68a4-443f-aa31-157b40832c10: No DTM data found for footprint
INFO BuildingHeightCalculator: Processing building 1001/1087...
WARNING BuildingHeightCalculator: Building d72ff35f-294e-4950-8e54-9a652ac7b6fb: Adjusting low height 0.27m to 3m
WARNING BuildingHeightCalculator: Building 90c0a088-ad63-4466-909d-4705c7b07c64: No DTM data found for footprint
WARNING BuildingHeightCalculator: Building 4599b197-0477-442f-a082-2a8c240ebaaa: No DTM data found for footprint
WARNING BuildingHeightCalculator: Building 4599b197-0477-442f-a082-2a8c240ebaaa: Adjusting low height 2.97m to 3m
WARNING BuildingHeightCalculator: Building 0171098a-83be-443e-8d46-7e075d72ee02: No DTM data found for footprint
WARNING BuildingHeightCalculator: Building 4a034d09-289d-4dfc-b46c-4d7c7b97ef51: No DTM data found for footprint
WARNING BuildingHeightCalculator: Building 4a034d09-289d-4dfc-b46c-4d7c7b97ef51: Adjusting low height 2.48m to 3m
WARNING BuildingHeightCalculator: Building f78dd7d9-3521-4f05-992c-af3336094c6b: No DTM data found for footprint
WARNING BuildingHeightCalculator: Building 2f239648-d221-489d-8b19-2aa1c06e6628: No DTM data found for footprint
WARNING BuildingHeightCalculator: Building 0e7511d2-d4af-43f9-aae9-e3cf271a90d3: No DTM data found for footprint
WARNING BuildingHeightCalculator: Building aaadc5b0-902d-4df2-b28d-33b940e291fe: No DTM data found for footprint
WARNING BuildingHeightCalculator: Building a84a0713-6157-4746-a8c7-fd573488922e: No DTM data found for footprint
WARNING BuildingHeightCalculator: Building 0b69f857-1335-414f-89e2-8d5fe4ce5c6c: Adjusting low height 2.96m to 3m
WARNING BuildingHeightCalculator: Building 2937cc01-b179-49df-af2f-6651f28ef64d: No DTM data found for footprint
WARNING BuildingHeightCalculator: Building ba50e400-fb2b-4b25-8b8f-b798ec0983fe: No DTM data found for footprint
WARNING BuildingHeightCalculator: Building 6d56aab6-8ae3-431d-96ba-4b7f43851077: No DTM data found for footprint
WARNING BuildingHeightCalculator: Building 821d47a0-e74e-40fb-9d54-b3dc5b1cfbc7: No DSM data found for footprint
WARNING BuildingHeightCalculator: Building 821d47a0-e74e-40fb-9d54-b3dc5b1cfbc7: No DTM data found for footprint
WARNING BuildingHeightCalculator: Building 821d47a0-e74e-40fb-9d54-b3dc5b1cfbc7: Missing raster data (DSM=None, DTM=None)
INFO BuildingHeightCalculator: Last 5 building heights:
INFO BuildingHeightCalculator:   Building a4b56022-ac5d-4e42-8689-5291930a28a2: height = 16.36m (from raster)
INFO BuildingHeightCalculator:   Building 6d56aab6-8ae3-431d-96ba-4b7f43851077: height = 5.96m (from raster)
INFO BuildingHeightCalculator:   Building 43effa44-64fc-439f-b3ac-24c6c6dca655: height = 3.55m (from raster)
INFO BuildingHeightCalculator:   Building fc84e8e8-be8e-4729-a873-e6feae357b2a: height = 4.82m (from raster)
INFO BuildingHeightCalculator:   Building 821d47a0-e74e-40fb-9d54-b3dc5b1cfbc7: height = 12.0m (fallback)
INFO BuildingHeightCalculator: === HEIGHT CALCULATION COMPLETE ===
   Total: 1087 buildings
   Successful (raster): 1086
   Fallback: 1
INFO BuildingHeightCalculator: Database commit complete: 1087 updated, 0 created
✓ Success

=== Step 6/8: building_area ===
Method: calculate_from_geometry
Description: Calculate building footprint areas
INFO BuildingAreaCalculator: Executing calculate_from_geometry
INFO BuildingAreaCalculator: Last 5 building areas:
INFO BuildingAreaCalculator:   Building a4b56022-ac5d-4e42-8689-5291930a28a2: area = 53.82m²
INFO BuildingAreaCalculator:   Building 6d56aab6-8ae3-431d-96ba-4b7f43851077: area = 4.84m²
INFO BuildingAreaCalculator:   Building 43effa44-64fc-439f-b3ac-24c6c6dca655: area = 12.98m²
INFO BuildingAreaCalculator:   Building fc84e8e8-be8e-4729-a873-e6feae357b2a: area = 1327.14m²
INFO BuildingAreaCalculator:   Building 821d47a0-e74e-40fb-9d54-b3dc5b1cfbc7: area = 30.51m²
INFO BuildingAreaCalculator: Calculated areas for 1087 buildings
INFO BuildingAreaCalculator: Database commit complete: 1087 updated, 0 created
SUCCESS BuildingAreaCalculator.calculate_from_geometry: 
✓ Success

=== Step 7/8: building_volume ===
Method: calculate_from_height_and_area
Description: Calculate building volumes
INFO BuildingVolumeCalculator: Executing calculate_from_height_and_area
INFO BuildingVolumeCalculator: Calculating building volumes for 1087 buildings
INFO BuildingVolumeCalculator: Last 5 building volumes:
INFO BuildingVolumeCalculator:   Building a4b56022-ac5d-4e42-8689-5291930a28a2: volume = 880.55m³ (16.4m × 53.8m²)
INFO BuildingVolumeCalculator:   Building 6d56aab6-8ae3-431d-96ba-4b7f43851077: volume = 28.87m³ (6.0m × 4.8m²)
INFO BuildingVolumeCalculator:   Building 43effa44-64fc-439f-b3ac-24c6c6dca655: volume = 46.08m³ (3.5m × 13.0m²)
INFO BuildingVolumeCalculator:   Building fc84e8e8-be8e-4729-a873-e6feae357b2a: volume = 6396.81m³ (4.8m × 1327.1m²)
INFO BuildingVolumeCalculator:   Building 821d47a0-e74e-40fb-9d54-b3dc5b1cfbc7: volume = 366.13m³ (12.0m × 30.5m²)
INFO BuildingVolumeCalculator: Database commit complete: 1087 updated, 0 created
INFO BuildingVolumeCalculator: Successfully calculated volumes for 1087 buildings
✓ Success

=== Step 8/8: building_n_floors ===
Method: estimate_by_height
Description: Estimate number of floors from height
INFO BuildingNFloorsCalculator: Executing estimate_by_height
INFO BuildingNFloorsCalculator: Estimating number of floors for 1087 buildings
INFO BuildingNFloorsCalculator: Last 5 building floor counts:
INFO BuildingNFloorsCalculator:   Building a4b56022-ac5d-4e42-8689-5291930a28a2: 5 floors (height: 16.4m)
INFO BuildingNFloorsCalculator:   Building 6d56aab6-8ae3-431d-96ba-4b7f43851077: 1 floors (height: 6.0m)
INFO BuildingNFloorsCalculator:   Building 43effa44-64fc-439f-b3ac-24c6c6dca655: 1 floors (height: 3.5m)
INFO BuildingNFloorsCalculator:   Building fc84e8e8-be8e-4729-a873-e6feae357b2a: 1 floors (height: 4.8m)
INFO BuildingNFloorsCalculator:   Building 821d47a0-e74e-40fb-9d54-b3dc5b1cfbc7: 4 floors (height: 12.0m)
INFO BuildingNFloorsCalculator: Database commit complete: 1087 updated, 0 created
SUCCESS BuildingNFloorsCalculator.estimate_by_height: 
✓ Success

=== Pipeline Execution Complete ===
Success Rate: 100.0%
Total Buildings: 1087
Database Updates: 8 successful
INFO:     127.0.0.1:35250 - "POST /api/v1/building/execute_building_analysis HTTP/1.1" 200 OK
